Log file open, 09/26/16 12:12:24
LogInit:Display: Running engine for game: MonsterGame
LogPlatformFile: Not using cached read wrapper
LogInit:Display: RandInit(-1387549831) SRandInit(-1387549829).
LogTaskGraph: Started task graph with 4 named threads and 7 total threads.
LogStats: Stats thread started at 2.623411
LogInit: Version: 4.11.2-2946394+++UE4+Release-4.11
LogInit: API Version: 2927265
LogInit: Compiled (64-bit): Apr 18 2016 02:18:46
LogInit: Compiled with Visual C++: 19.00.23026.00
LogInit: Build Configuration: Development
LogInit: Branch Name: ++UE4+Release-4.11
LogInit: Command line:  
LogInit: Base directory: C:/Program Files/Epic Games/4.11/Engine/Binaries/Win64/
LogInit: Installed Engine Build: 1
LogInit: Using libcurl 7.41.0
LogInit:  - built for x86_64-pc-win32
LogInit:  - supports SSL with WinSSL
LogInit:  - other features:
LogInit:      CURL_VERSION_SSL
LogInit:      CURL_VERSION_IPV6
LogInit:      CURL_VERSION_ASYNCHDNS
LogInit:      CURL_VERSION_LARGEFILE
LogInit:      CURL_VERSION_IDN
LogInit:  CurlRequestOptions (configurable via config and command line):
LogInit:  - bVerifyPeer = true  - Libcurl will verify peer certificate
LogInit:  - bUseHttpProxy = false  - Libcurl will NOT use HTTP proxy
LogInit:  - bDontReuseConnections = false  - Libcurl will reuse connections
LogInit:  - CertBundlePath = nullptr  - Libcurl will use whatever was configured at build time.
LogInit: Presizing for max 16777216 objects, including 0 objects not considered by GC, pre-allocating 0 bytes for permanent pool.
LogInit: Object subsystem initialized
[2016.09.26-19.12.24:694][  0]LogInit: Selected Device Profile: [Windows]
[2016.09.26-19.12.24:694][  0]LogInit: Applying CVar settings loaded from the selected device profile: [Windows]
[2016.09.26-19.12.24:892][  0]LogInit: Computer: GODLIKESYSTEM
[2016.09.26-19.12.24:892][  0]LogInit: User: Demonic
[2016.09.26-19.12.24:892][  0]LogInit: CPU Page size=65536, Cores=4
[2016.09.26-19.12.24:892][  0]LogInit: High frequency timer resolution =3.312822 MHz
[2016.09.26-19.12.24:892][  0]LogMemory: Memory total: Physical=8.0GB (8GB approx)
[2016.09.26-19.12.24:892][  0]LogMemory: Platform Memory Stats for Windows
[2016.09.26-19.12.24:892][  0]LogMemory: Process Physical Memory: 314.27 MB used, 314.27 MB peak
[2016.09.26-19.12.24:892][  0]LogMemory: Process Virtual Memory: 316.96 MB used, 316.96 MB peak
[2016.09.26-19.12.24:892][  0]LogMemory: Physical Memory: 6003.73 MB used, 8174.04 MB total
[2016.09.26-19.12.24:892][  0]LogMemory: Virtual Memory: 619.68 MB used, 8388608.00 MB total
[2016.09.26-19.12.26:655][  0]LogTextLocalizationManager: No specific translations for ('en-US') exist, so ('en') translations will be used.
[2016.09.26-19.12.28:189][  0]LogD3D11RHI: D3D11 adapters:
[2016.09.26-19.12.28:772][  0]LogD3D11RHI:    0. 'NVIDIA GeForce GT 440' (Feature Level 11_0)
[2016.09.26-19.12.28:772][  0]LogD3D11RHI:       1489MB of dedicated video memory, 0MB of dedicated system memory, and 2559MB of shared system memory, 1 output[s]
[2016.09.26-19.12.28:772][  0]LogD3D11RHI: Chosen D3D11 Adapter: 0
[2016.09.26-19.12.28:776][  0]LogD3D11RHI: Creating new Direct3DDevice
[2016.09.26-19.12.28:776][  0]LogD3D11RHI:     Adapter Name: NVIDIA GeForce GT 440
[2016.09.26-19.12.28:776][  0]LogD3D11RHI:   Driver Version: 10.18.13.6472 (internal 10.18.13.6472)
[2016.09.26-19.12.28:776][  0]LogD3D11RHI:      Driver Date: 3-21-2016
[2016.09.26-19.12.28:776][  0]LogRHI: Texture pool is 1042 MB (70% of 1489 MB)
[2016.09.26-19.12.28:788][  0]LogD3D11RHI: Async texture creation enabled
[2016.09.26-19.12.28:939][  0]LogShaderCompilers: Guid format shader working directory is -22 characters bigger than the processId version (../../../../../../Users/Demonic/Documents/Unreal Projects/MonsterGame/Intermediate/Shaders/WorkingDirectory/10696/).
[2016.09.26-19.12.28:940][  0]LogShaderCompilers: Cleaned the shader compiler working directory 'C:/Users/Demonic/AppData/Local/Temp/UnrealShaderWorkingDir/D7664EF645A444A844853E97562E68E9/'.
[2016.09.26-19.12.28:940][  0]LogShaderCompilers:Display: Using Local Shader Compiler.
[2016.09.26-19.12.35:126][  0]LogTemp:Display: Loaded TP AllDesktopTargetPlatform
[2016.09.26-19.12.35:148][  0]LogTemp:Display: Loaded TP WindowsClientTargetPlatform
[2016.09.26-19.12.35:170][  0]LogTemp:Display: Loaded TP WindowsNoEditorTargetPlatform
[2016.09.26-19.12.35:191][  0]LogTemp:Display: Loaded TP WindowsServerTargetPlatform
[2016.09.26-19.12.35:215][  0]LogTemp:Display: Loaded TP WindowsTargetPlatform
[2016.09.26-19.12.35:255][  0]LogTemp:Display: Loaded TP AndroidTargetPlatform
[2016.09.26-19.12.35:276][  0]LogTemp:Display: Loaded TP Android_ASTCTargetPlatform
[2016.09.26-19.12.35:298][  0]LogTemp:Display: Loaded TP Android_ATCTargetPlatform
[2016.09.26-19.12.35:319][  0]LogTemp:Display: Loaded TP Android_DXTTargetPlatform
[2016.09.26-19.12.35:341][  0]LogTemp:Display: Loaded TP Android_ETC1TargetPlatform
[2016.09.26-19.12.35:362][  0]LogTemp:Display: Loaded TP Android_ETC2TargetPlatform
[2016.09.26-19.12.35:411][  0]LogTemp:Display: Loaded TP Android_MultiTargetPlatform
[2016.09.26-19.12.35:411][  0]LogTemp:Display: Loaded TP Android_PVRTCTargetPlatform
[2016.09.26-19.12.35:465][  0]LogTemp:Display: Loaded TP HTML5TargetPlatform
[2016.09.26-19.12.35:601][  0]LogTemp:Display: Loaded TP IOSTargetPlatform
[2016.09.26-19.12.35:630][  0]LogTemp:Display: Loaded TP TVOSTargetPlatform
[2016.09.26-19.12.35:665][  0]LogTemp:Display: Loaded TP LinuxNoEditorTargetPlatform
[2016.09.26-19.12.35:696][  0]LogTemp:Display: Loaded TP LinuxServerTargetPlatform
[2016.09.26-19.12.35:741][  0]LogTemp:Display: Loaded TP LinuxTargetPlatform
[2016.09.26-19.12.35:741][  0]LogTargetPlatformManager:Display: Building Assets For Windows
[2016.09.26-19.12.37:155][  0]LogDerivedDataCache:Display: Max Cache Size: 512 MB
[2016.09.26-19.12.37:955][  0]LogDerivedDataCache: Loaded boot cache 0.78s 46MB C:/Users/Demonic/AppData/Local/UnrealEngine/4.11/DerivedDataCache/Boot.ddc.
[2016.09.26-19.12.37:955][  0]LogDerivedDataCache:Display: Loaded Boot cache: C:/Users/Demonic/AppData/Local/UnrealEngine/4.11/DerivedDataCache/Boot.ddc
[2016.09.26-19.12.37:955][  0]LogDerivedDataCache: FDerivedDataBackendGraph:  Pak pak cache file ../../../../../../Users/Demonic/Documents/Unreal Projects/MonsterGame/DerivedDataCache/DDC.ddp not found, will not use a pak cache.
[2016.09.26-19.12.37:955][  0]LogDerivedDataCache: Unable to find inner node Pak for hierarchical cache Hierarchy.
[2016.09.26-19.12.37:955][  0]LogDerivedDataCache: FDerivedDataBackendGraph:  CompressedPak pak cache file ../../../../../../Users/Demonic/Documents/Unreal Projects/MonsterGame/DerivedDataCache/Compressed.ddp not found, will not use a pak cache.
[2016.09.26-19.12.37:955][  0]LogDerivedDataCache: Unable to find inner node CompressedPak for hierarchical cache Hierarchy.
[2016.09.26-19.12.38:028][  0]LogDerivedDataCache:Display: Pak cache opened for reading ../../../Engine/DerivedDataCache/Compressed.ddp.
[2016.09.26-19.12.38:039][  0]LogDerivedDataCache: Using Local data cache path C:/Users/Demonic/AppData/Local/UnrealEngine/Common/DerivedDataCache: Writable
[2016.09.26-19.12.42:432][  0]LogInit: Selected Device Profile: [Windows]
[2016.09.26-19.12.42:477][  0]LogContentStreaming: Texture pool size is 0.00 MB
[2016.09.26-19.12.44:339][  0]LogMaterial: Uniform references updated for custom material expression Custom.
[2016.09.26-19.12.46:363][  0]LogMeshUtilities: No automatic mesh reduction module available
[2016.09.26-19.12.46:363][  0]LogMeshUtilities: No automatic mesh merging module available
[2016.09.26-19.12.46:363][  0]LogMeshUtilities: No distributed automatic mesh merging module available
[2016.09.26-19.13.07:007][  0]LogUObjectArray: 27679 objects as part of root set at end of initial load.
[2016.09.26-19.13.07:007][  0]LogUObjectAllocator: 5591592 out of 0 bytes used by permanent object pool.
[2016.09.26-19.13.07:007][  0]LogUObjectArray: CloseDisregardForGC: 0/0 objects in disregard for GC pool
[2016.09.26-19.13.07:052][  0]LogInit: WinSock: version 1.1 (2.2), MaxSocks=32767, MaxUdp=65467
[2016.09.26-19.13.12:553][  0]LogSlate: SlateFontCache - WITH_FREETYPE: 1, WITH_HARFBUZZ: 1
[2016.09.26-19.13.12:553][  0]LogSlate: SlateFontCache - WITH_FREETYPE: 1, WITH_HARFBUZZ: 1
[2016.09.26-19.13.21:626][  0]LogStreaming:Warning: Failed to read file '../../../Engine/Content/Editor/Slate/Common/Selection_16x.png' error.
[2016.09.26-19.13.21:626][  0]LogSlate: Could not find file for Slate resource: ../../../Engine/Content/Editor/Slate/Common/Selection_16x.png
[2016.09.26-19.13.21:627][  0]LogStreaming:Warning: Failed to read file '../../../Engine/Content/Editor/Slate/Common/Selection_16x.png' error.
[2016.09.26-19.13.21:627][  0]LogSlate: Could not find file for Slate resource: ../../../Engine/Content/Editor/Slate/Common/Selection_16x.png
[2016.09.26-19.13.21:627][  0]LogStreaming:Warning: Failed to read file '../../../Engine/Content/Editor/Slate/Common/Selection_16x.png' error.
[2016.09.26-19.13.21:627][  0]LogSlate: Could not find file for Slate resource: ../../../Engine/Content/Editor/Slate/Common/Selection_16x.png
[2016.09.26-19.13.49:380][  0]LogUdpMessaging: Initializing bridge on interface 0.0.0.0:0 to multicast group 230.0.0.1:6666.
[2016.09.26-19.13.49:988][  0]LogAssetRegistry: FAssetRegistry took 0.0197 seconds to start up
[2016.09.26-19.13.52:534][  0]SourceControl: Info Source control is disabled
[2016.09.26-19.13.52:534][  0]SourceControl: Info Source control is disabled
[2016.09.26-19.13.52:670][  0]SourceControl: Info Source control is disabled
[2016.09.26-19.13.52:805][  0]SourceControl: Info Source control is disabled
[2016.09.26-19.13.54:548][  0]LogHMD: Failed to initialize OpenVR with code 110
[2016.09.26-19.13.55:302][  0]LogEngine: Initializing Engine...
[2016.09.26-19.13.56:747][  0]LogAIModule: Creating AISystem for world NewWorld
[2016.09.26-19.13.56:927][  0]LogInit: XAudio2 using 'Speakers (Realtek High Definition Audio)' : 2 channels at 48 kHz using 32 bits per sample (channel mask 0x3)
[2016.09.26-19.13.56:988][  0]LogInit: FAudioDevice initialized.
[2016.09.26-19.13.57:042][  0]LogDerivedDataCache: Saved boot cache 0.05s 46MB C:/Users/Demonic/AppData/Local/UnrealEngine/4.11/DerivedDataCache/Boot.ddc.
[2016.09.26-19.13.57:049][  0]LogInit: Texture streaming: Enabled
[2016.09.26-19.13.57:544][  0]LogInit: Transaction tracking system initialized
[2016.09.26-19.13.57:833][  0]BlueprintLog: New page: Editor Load
[2016.09.26-19.13.59:082][  0]LocalizationService: Info Localization service is disabled
[2016.09.26-19.14.00:093][  0]LogConsoleResponse:Display: 
[2016.09.26-19.14.03:274][  0]LogCook:Display: Max memory allowance for cook 8192mb
[2016.09.26-19.14.03:274][  0]LogCook:Display: Mobile HDR setting 0
[2016.09.26-19.14.03:274][  0]LogCook:Display: Done creating registry. It took  0.00s.
[2016.09.26-19.14.03:338][  0]LogFileCache: Scanning file cache for directory 'C:/Users/Demonic/Documents/Unreal Projects/MonsterGame/Content/' took 0.12s
[2016.09.26-19.14.04:255][  0]SourceControl: Info Source control is disabled
[2016.09.26-19.14.04:255][  0]Cmd: MAP LOAD FILE="../../../../../../Users/Demonic/Documents/Unreal Projects/MonsterGame/Content/TopDownBP/Maps/TopDownExampleMap.umap" TEMPLATE=0 SHOWPROGRESS=1 FEATURELEVEL=3
[2016.09.26-19.14.04:320][  0]LightingResults: New page: Lighting Build
[2016.09.26-19.14.04:492][  0]MapCheck: New page: Map Check
[2016.09.26-19.14.04:492][  0]LightingResults: New page: Lighting Build
[2016.09.26-19.14.11:297][  0]LogAIModule: Creating AISystem for world TopDownExampleMap
[2016.09.26-19.14.11:649][  0]LogEditorServer: Finished looking for orphan Actors (0.000 secs)
[2016.09.26-19.14.11:655][  0]Cmd: MAP CHECKDEP NOCLEARLOG
[2016.09.26-19.14.11:690][  0]MapCheck: Info Map check complete: 0 Error(s), 0 Warning(s), took 35.336ms to complete.
[2016.09.26-19.14.11:690][  0]LogFileHelpers: Loading map 'TopDownExampleMap' took 7.434
[2016.09.26-19.14.12:153][  0]LogCollectionManager: Loaded 0 collections in 0.019615 seconds
[2016.09.26-19.14.12:182][  0]LogFileCache: Scanning file cache for directory 'C:/Users/Demonic/Documents/Unreal Projects/MonsterGame/Saved/Collections/' took 0.01s
[2016.09.26-19.14.12:182][  0]LogFileCache: Scanning file cache for directory 'C:/Users/Demonic/Documents/Unreal Projects/MonsterGame/Content/Developers/Demonic/Collections/' took 0.00s
[2016.09.26-19.14.12:182][  0]LogFileCache: Scanning file cache for directory 'C:/Users/Demonic/Documents/Unreal Projects/MonsterGame/Content/Collections/' took 0.01s
[2016.09.26-19.14.12:182][  0]LogCollectionManager: Rebuilt the GUID cache for 0 collections in 0.000007 seconds
[2016.09.26-19.14.12:189][  0]LogContentBrowser: Native class hierarchy populated in 0.0077 seconds. Added 1979 classes and 343 folders.
[2016.09.26-19.14.12:199][  0]LogStats: UGameplayTagsManager::ConstructGameplayTagTree: Construct from data asset -  0.005 s
[2016.09.26-19.14.12:199][  0]LogStats: UGameplayTagsManager::ConstructGameplayTagTree: GameplayTagTreeChangedEvent.Broadcast -  0.000 s
[2016.09.26-19.14.12:200][  0]LogContentBrowser: Native class hierarchy updated for 'GameplayTags' in 0.0004 seconds. Added 12 classes and 0 folders.
[2016.09.26-19.14.12:206][  0]LogContentBrowser: Native class hierarchy updated for 'WidgetCarousel' in 0.0003 seconds. Added 0 classes and 0 folders.
[2016.09.26-19.14.12:404][  0]LogContentBrowser: Native class hierarchy updated for 'SuperSearch' in 0.0004 seconds. Added 1 classes and 2 folders.
[2016.09.26-19.14.14:164][  0]LogContentBrowser: Native class hierarchy updated for 'AddContentDialog' in 0.0004 seconds. Added 0 classes and 0 folders.
[2016.09.26-19.14.14:232][  0]LogContentBrowser: Native class hierarchy updated for 'SceneOutliner' in 0.0003 seconds. Added 1 classes and 2 folders.
[2016.09.26-19.14.14:773][  0]LogCrashTracker: Crashtracker disabled due to settings.
[2016.09.26-19.14.14:922][  0]LogUObjectGlobals:Warning: Failed to find object 'Class None.'
[2016.09.26-19.14.14:993][  0]LogContentBrowser: Native class hierarchy updated for 'HierarchicalLODOutliner' in 0.0004 seconds. Added 1 classes and 2 folders.
[2016.09.26-19.14.14:993][  0]LogLoad: Full Startup: 121.00 seconds (BP compile: 1.46 seconds)
[2016.09.26-19.14.15:007][  0]LogExternalProfiler: Found external profiler: VSPerf
[2016.09.26-19.14.15:007][  0]LogExternalProfiler: Using external profiler: VSPerf
[2016.09.26-19.14.15:064][  0]LogOcInput: OculusInput pre-init called
[2016.09.26-19.14.15:612][  0]LogContentStreaming: Texture pool size now 1000 MB
[2016.09.26-19.14.16:906][  0]LogRenderer: Reallocating scene render targets to support 716x540 (Frame:2).
[2016.09.26-19.14.17:594][  3]LogAssetRegistry: Asset discovery search completed in 27.6256 seconds
[2016.09.26-19.14.17:594][  3]LogCollectionManager: Rebuilt the object cache for 0 collections in 0.000001 seconds (found 0 objects)
[2016.09.26-19.14.17:594][  3]LogCollectionManager: Fixed up redirectors for 0 collections in 0.000040 seconds (updated 0 objects)
[2016.09.26-19.35.36:791][669]LogActorComponent: UnregisterComponent: (/Engine/Transient.CharMoveComp) Not registered. Aborting.
[2016.09.26-19.35.37:060][669]LogFileHelpers: Editor autosave (incl. sublevels) for '/Game/TopDownBP/Maps/TopDownExampleMap' took 0.265
[2016.09.26-19.35.37:158][669]OBJ SavePackage: Generating thumbnails for [0] asset(s) in package [/Game/MonsterGame/PlayerMonsters/Monst_Inv] ([1] browsable assets)...
[2016.09.26-19.35.37:158][669]OBJ SavePackage: Finished generating thumbnails for package [/Game/MonsterGame/PlayerMonsters/Monst_Inv]
[2016.09.26-19.35.37:617][669]LogSavePackage: Save=60.17ms
[2016.09.26-19.35.37:617][669]LogSavePackage: Moving '../../../../../../Users/Demonic/Documents/Unreal Projects/MonsterGame/Saved/Monst_Inv_Auto1041A1A58405586BD7788DC9C516483BD.tmp' to '../../../../../../Users/Demonic/Documents/Unreal Projects/MonsterGame/Saved/Autosaves/Game/MonsterGame/PlayerMonsters/Monst_Inv_Auto1.uasset'
[2016.09.26-19.35.37:673][669]LogSavePackage: Total save time: 508.74ms
[2016.09.26-19.35.37:673][669]LogSavePackage:Display: Finished SavePackage ../../../../../../Users/Demonic/Documents/Unreal Projects/MonsterGame/Saved/Autosaves/Game/MonsterGame/PlayerMonsters/Monst_Inv_Auto1.uasset
[2016.09.26-19.35.37:673][669]LogFileHelpers: Auto-saving content packages took 0.582
[2016.09.26-19.36.17:085][239]LogSavePackage: Save=2.18ms
[2016.09.26-19.36.17:085][239]LogSavePackage: Moving '../../../../../../Users/Demonic/Documents/Unreal Projects/MonsterGame/Saved/Monst_Inv49CED86C4A8A495AF2B80E9742D8B551.tmp' to '../../../../../../Users/Demonic/Documents/Unreal Projects/MonsterGame/Content/MonsterGame/PlayerMonsters/Monst_Inv.uasset'
[2016.09.26-19.36.17:087][239]LogSavePackage: Total save time: 5.29ms
[2016.09.26-19.36.17:087][239]LogSavePackage:Display: Finished SavePackage ../../../../../../Users/Demonic/Documents/Unreal Projects/MonsterGame/Content/MonsterGame/PlayerMonsters/Monst_Inv.uasset
[2016.09.26-19.36.28:429][688]LogContentBrowser: Native class hierarchy updated for 'BlueprintGraph' in 0.0008 seconds. Added 108 classes and 0 folders.
[2016.09.26-19.37.10:474][430]LogActorComponent: UnregisterComponent: (/Engine/Transient.CharMoveComp) Not registered. Aborting.
[2016.09.26-19.37.48:554][853]LogActorComponent: UnregisterComponent: (/Engine/Transient.CharacterMovementComponent_0) Not registered. Aborting.
[2016.09.26-19.37.51:106][953]BlueprintLog: New page: Compile TopDownCharacter
[2016.09.26-19.37.51:319][953]LogActorComponent: UnregisterComponent: (/Engine/Transient.CharacterMovementComponent_1) Not registered. Aborting.
[2016.09.26-19.37.51:788][953]BlueprintEditorCompileResults: Info [1537.77] Compile of TopDownCharacter successful! [in 681 ms]
[2016.09.26-19.37.57:737][270]LogActorComponent: UnregisterComponent: (/Engine/Transient.CharMoveComp) Not registered. Aborting.
[2016.09.26-19.38.00:340][372]BlueprintLog: New page: Compile TopDownCharacter
[2016.09.26-19.38.00:357][372]LogActorComponent: UnregisterComponent: (/Engine/Transient.CharacterMovementComponent_2) Not registered. Aborting.
[2016.09.26-19.38.00:427][372]BlueprintEditorCompileResults: Info [1546.41] Compile of TopDownCharacter successful! [in 86 ms]
[2016.09.26-19.39.07:380][216]BlueprintLog: New page: Compile Basic_Monster
[2016.09.26-19.39.07:403][216]LogActorComponent: UnregisterComponent: (/Engine/Transient.CharMoveComp) Not registered. Aborting.
[2016.09.26-19.39.07:527][216]BlueprintEditorCompileResults: Info [1613.51] Compile of Basic_Monster successful! [in 147 ms]
[2016.09.26-19.39.14:405][477]LogSlate:Warning: Prevented a slow task dialog from being summoned while a context menu was open
[2016.09.26-19.39.17:814][690]BlueprintLog: New page: Compile TopDownCharacter
[2016.09.26-19.39.17:900][690]BlueprintEditorCompileResults: Info [1623.89] Compile of TopDownCharacter successful! [in 85 ms]
[2016.09.26-19.40.09:719][128]BlueprintLog: New page: Compile TopDownCharacter
[2016.09.26-19.40.09:931][128]BlueprintEditorCompileResults: Info [1675.92] Compile of TopDownCharacter successful! [in 212 ms]
[2016.09.26-19.40.11:642][192]LogSlate:Warning: Prevented a slow task dialog from being summoned while a context menu was open
[2016.09.26-19.40.32:765][161]BlueprintLog: New page: Compile TopDownCharacter
[2016.09.26-19.40.32:775][161]LogBlueprint:Warning: [compiler TopDownCharacter] Warning Can't parse default value 'None' for  (none) . Property: PartyMonsters.
[2016.09.26-19.40.32:977][161]LogBlueprint:Warning: [compiler TopDownCharacter] Warning [1698.96] Compile of TopDownCharacter successful, but with 1 Warning(s) [in 212 ms]
[2016.09.26-19.40.32:977][161]BlueprintEditorCompileResults:Warning: Warning Can't parse default value 'None' for  (none) . Property: PartyMonsters.
[2016.09.26-19.40.32:977][161]BlueprintEditorCompileResults:Warning: Warning [1698.96] Compile of TopDownCharacter successful, but with 1 Warning(s) [in 212 ms]
[2016.09.26-19.40.43:118][660]BlueprintLog: New page: Compile TopDownCharacter
[2016.09.26-19.40.43:211][660]BlueprintEditorCompileResults: Info [1709.20] Compile of TopDownCharacter successful! [in 92 ms]
[2016.09.26-19.40.58:973][276]LogSlate:Warning: Prevented a slow task dialog from being summoned while a context menu was open
[2016.09.26-19.41.14:869][273]BlueprintLog: New page: Compile TopDownCharacter
[2016.09.26-19.41.14:961][273]BlueprintEditorCompileResults: Info [1740.95] Compile of TopDownCharacter successful! [in 92 ms]
[2016.09.26-19.42.33:582][299]BlueprintLog: New page: Compile Basic_Monster
[2016.09.26-19.42.33:833][299]BlueprintEditorCompileResults: Info [1819.82] Compile of Basic_Monster successful! [in 251 ms]
[2016.09.26-19.42.42:434][642]BlueprintLog: New page: Compile Basic_Monster
[2016.09.26-19.42.42:532][642]BlueprintEditorCompileResults: Info [1828.52] Compile of Basic_Monster successful! [in 97 ms]
[2016.09.26-19.42.54:311][112]BlueprintLog: New page: Compile TopDownCharacter
[2016.09.26-19.42.54:402][112]BlueprintEditorCompileResults: Info [1840.39] Compile of TopDownCharacter successful! [in 90 ms]
[2016.09.26-19.44.27:193][414]BlueprintLog: New page: Compile TopDownCharacter
[2016.09.26-19.44.27:286][414]BlueprintEditorCompileResults: Info [1933.27] Compile of TopDownCharacter successful! [in 92 ms]
[2016.09.26-19.44.31:198][649]LogSavePackage: Save=318.02ms
[2016.09.26-19.44.31:198][649]LogSavePackage: Moving '../../../../../../Users/Demonic/Documents/Unreal Projects/MonsterGame/Saved/TopDownExampleMapD0BACBA749866A100CE066917D61A48F.tmp' to '../../../../../../Users/Demonic/Documents/Unreal Projects/MonsterGame/Content/TopDownBP/Maps/TopDownExampleMap.umap'
[2016.09.26-19.44.31:222][649]LogSavePackage: Total save time: 352.69ms
[2016.09.26-19.44.31:222][649]LogSavePackage:Display: Finished SavePackage ../../../../../../Users/Demonic/Documents/Unreal Projects/MonsterGame/Content/TopDownBP/Maps/TopDownExampleMap.umap
[2016.09.26-19.44.31:266][649]LogFileHelpers: Saving map 'TopDownExampleMap' took 0.662
[2016.09.26-19.44.31:425][649]LogSavePackage: Save=74.04ms
[2016.09.26-19.44.31:425][649]LogSavePackage: Moving '../../../../../../Users/Demonic/Documents/Unreal Projects/MonsterGame/Saved/TopDownCharacterB1528F094FA17415D74EC0A56155B671.tmp' to '../../../../../../Users/Demonic/Documents/Unreal Projects/MonsterGame/Content/MonsterGame/Player/TopDownCharacter.uasset'
[2016.09.26-19.44.31:426][649]LogSavePackage: Total save time: 77.78ms
[2016.09.26-19.44.31:426][649]LogSavePackage:Display: Finished SavePackage ../../../../../../Users/Demonic/Documents/Unreal Projects/MonsterGame/Content/MonsterGame/Player/TopDownCharacter.uasset
[2016.09.26-19.44.31:539][649]LogSavePackage: Save=85.54ms
[2016.09.26-19.44.31:539][649]LogSavePackage: Moving '../../../../../../Users/Demonic/Documents/Unreal Projects/MonsterGame/Saved/Basic_Monster982E1CDA48884C3A43F59A839B837972.tmp' to '../../../../../../Users/Demonic/Documents/Unreal Projects/MonsterGame/Content/MonsterGame/PlayerMonsters/Basic_Monster.uasset'
[2016.09.26-19.44.31:549][649]LogSavePackage: Total save time: 114.43ms
[2016.09.26-19.44.31:549][649]LogSavePackage:Display: Finished SavePackage ../../../../../../Users/Demonic/Documents/Unreal Projects/MonsterGame/Content/MonsterGame/PlayerMonsters/Basic_Monster.uasset
[2016.09.26-19.45.38:942][808]BlueprintLog: New page: Compile Basic_Monster
[2016.09.26-19.45.38:968][808]LogActorComponent: UnregisterComponent: (/Engine/Transient.CharMoveComp) Not registered. Aborting.
[2016.09.26-19.45.39:046][808]BlueprintEditorCompileResults: Info [2005.03] Compile of Basic_Monster successful! [in 103 ms]
[2016.09.26-19.46.34:892][408]BlueprintLog: New page: Compile Basic_Monster
[2016.09.26-19.46.34:991][408]BlueprintEditorCompileResults: Info [2060.97] Compile of Basic_Monster successful! [in 98 ms]
[2016.09.26-19.46.53:154][361]BlueprintLog: New page: Compile Basic_Monster
[2016.09.26-19.46.53:251][361]BlueprintEditorCompileResults: Info [2079.23] Compile of Basic_Monster successful! [in 97 ms]
[2016.09.26-19.48.17:585][460]BlueprintLog: New page: Compile Basic_Monster
[2016.09.26-19.48.17:685][460]BlueprintEditorCompileResults: Info [2163.67] Compile of Basic_Monster successful! [in 99 ms]
[2016.09.26-19.50.06:611][594]BlueprintLog: New page: Compile Basic_Monster
[2016.09.26-19.50.06:711][594]BlueprintEditorCompileResults: Info [2272.69] Compile of Basic_Monster successful! [in 99 ms]
[2016.09.26-19.50.14:720][907]LogEditorTransaction: Undo Delete current selection
[2016.09.26-19.50.15:430][933]LogEditorTransaction: Undo Delete current selection
[2016.09.26-19.50.16:165][961]LogEditorTransaction: Undo Delete current selection
[2016.09.26-19.50.18:933][ 73]BlueprintLog: New page: Compile Basic_Monster
[2016.09.26-19.50.19:035][ 73]BlueprintEditorCompileResults: Info [2285.01] Compile of Basic_Monster successful! [in 101 ms]
[2016.09.26-19.51.43:610][212]LogSlate:Warning: Prevented a slow task dialog from being summoned while a context menu was open
[2016.09.26-19.51.49:705][748]LogSlate:Warning: Prevented a slow task dialog from being summoned while a context menu was open
[2016.09.26-19.51.56:796][167]BlueprintLog: New page: Compile Basic_Monster
[2016.09.26-19.51.56:970][167]BlueprintEditorCompileResults: Info [2382.95] Compile of Basic_Monster successful! [in 173 ms]
[2016.09.26-19.52.27:228][407]BlueprintLog: New page: Compile Basic_Monster
[2016.09.26-19.52.27:404][407]BlueprintEditorCompileResults: Info [2413.38] Compile of Basic_Monster successful! [in 176 ms]
[2016.09.26-19.52.53:557][626]LogRenderer: Reallocating scene render targets to support 760x652 (Frame:33605).
[2016.09.26-19.53.30:063][ 54]BlueprintLog: New page: Compile TopDownCharacter
[2016.09.26-19.53.30:076][ 54]LogBlueprint:Error: [compiler TopDownCharacter] Error Default value '' for  Party Monsters  is invalid: 'Array inputs (like 'Party Monsters') must have an input wired into them (try connecting a MakeArray node).'
[2016.09.26-19.53.30:229][ 54]LogBlueprint:Warning: [compiler TopDownCharacter] Warning [2476.21] Compile of TopDownCharacter failed. 1 Fatal Issue(s) 0 Warning(s) [in 165 ms]
[2016.09.26-19.53.30:229][ 54]BlueprintEditorCompileResults:Error: Error Default value '' for  Party Monsters  is invalid: 'Array inputs (like 'Party Monsters') must have an input wired into them (try connecting a MakeArray node).'
[2016.09.26-19.53.30:229][ 54]BlueprintEditorCompileResults:Warning: Warning [2476.21] Compile of TopDownCharacter failed. 1 Fatal Issue(s) 0 Warning(s) [in 165 ms]
[2016.09.26-19.53.52:058][361]LogSlate:Warning: Prevented a slow task dialog from being summoned while a context menu was open
[2016.09.26-19.54.01:621][151]BlueprintLog: New page: Compile TopDownCharacter
[2016.09.26-19.54.01:710][151]BlueprintEditorCompileResults: Info [2507.69] Compile of TopDownCharacter successful! [in 88 ms]
[2016.09.26-19.54.50:716][612]LogSlate:Warning: Prevented a slow task dialog from being summoned while a context menu was open
[2016.09.26-19.55.07:588][797]BlueprintLog: New page: Compile TopDownCharacter
[2016.09.26-19.55.07:695][797]BlueprintEditorCompileResults: Info [2573.67] Compile of TopDownCharacter successful! [in 107 ms]
[2016.09.26-19.55.48:015][780]LogSavePackage: Save=275.29ms
[2016.09.26-19.55.48:015][780]LogSavePackage: Moving '../../../../../../Users/Demonic/Documents/Unreal Projects/MonsterGame/Saved/TopDownExampleMap_Auto23FCB70234DA05B24A6952AB099B3B7C3.tmp' to '../../../../../../Users/Demonic/Documents/Unreal Projects/MonsterGame/Saved/Autosaves/Game/TopDownBP/Maps/TopDownExampleMap_Auto2.umap'
[2016.09.26-19.55.48:037][780]LogSavePackage: Total save time: 307.64ms
[2016.09.26-19.55.48:037][780]LogSavePackage:Display: Finished SavePackage ../../../../../../Users/Demonic/Documents/Unreal Projects/MonsterGame/Saved/Autosaves/Game/TopDownBP/Maps/TopDownExampleMap_Auto2.umap
[2016.09.26-19.55.48:038][780]LogFileHelpers: Editor autosave (incl. sublevels) for '/Game/TopDownBP/Maps/TopDownExampleMap' took 0.384
[2016.09.26-19.55.48:038][780]LogFileHelpers: Editor autosave (incl. sublevels) for all levels took 0.384
[2016.09.26-19.55.48:063][780]OBJ SavePackage: Generating thumbnails for [1] asset(s) in package [/Game/MonsterGame/Player/TopDownCharacter] ([1] browsable assets)...
[2016.09.26-19.55.48:088][780]OBJ SavePackage:     Rendered thumbnail for [Blueprint /Game/MonsterGame/Player/TopDownCharacter.TopDownCharacter]
[2016.09.26-19.55.48:088][780]OBJ SavePackage: Finished generating thumbnails for package [/Game/MonsterGame/Player/TopDownCharacter]
[2016.09.26-19.55.48:148][780]LogSavePackage: Save=56.76ms
[2016.09.26-19.55.48:148][780]LogSavePackage: Moving '../../../../../../Users/Demonic/Documents/Unreal Projects/MonsterGame/Saved/TopDownCharacter_Auto273025D82486041CFA7EEE9B23E4F604E.tmp' to '../../../../../../Users/Demonic/Documents/Unreal Projects/MonsterGame/Saved/Autosaves/Game/MonsterGame/Player/TopDownCharacter_Auto2.uasset'
[2016.09.26-19.55.48:149][780]LogSavePackage: Total save time: 60.15ms
[2016.09.26-19.55.48:149][780]LogSavePackage:Display: Finished SavePackage ../../../../../../Users/Demonic/Documents/Unreal Projects/MonsterGame/Saved/Autosaves/Game/MonsterGame/Player/TopDownCharacter_Auto2.uasset
[2016.09.26-19.55.48:153][780]OBJ SavePackage: Generating thumbnails for [0] asset(s) in package [/Game/MonsterGame/PlayerMonsters/Basic_Monster] ([1] browsable assets)...
[2016.09.26-19.55.48:153][780]OBJ SavePackage: Finished generating thumbnails for package [/Game/MonsterGame/PlayerMonsters/Basic_Monster]
[2016.09.26-19.55.48:253][780]LogSavePackage: Save=95.21ms
[2016.09.26-19.55.48:253][780]LogSavePackage: Moving '../../../../../../Users/Demonic/Documents/Unreal Projects/MonsterGame/Saved/Basic_Monster_Auto2345887C04442743335C5F8B26839547B.tmp' to '../../../../../../Users/Demonic/Documents/Unreal Projects/MonsterGame/Saved/Autosaves/Game/MonsterGame/PlayerMonsters/Basic_Monster_Auto2.uasset'
[2016.09.26-19.55.48:266][780]LogSavePackage: Total save time: 111.84ms
[2016.09.26-19.55.48:266][780]LogSavePackage:Display: Finished SavePackage ../../../../../../Users/Demonic/Documents/Unreal Projects/MonsterGame/Saved/Autosaves/Game/MonsterGame/PlayerMonsters/Basic_Monster_Auto2.uasset
[2016.09.26-19.55.48:266][780]LogFileHelpers: Auto-saving content packages took 0.227
[2016.09.26-19.55.57:581][135]LogSlate:Warning: Prevented a slow task dialog from being summoned while a context menu was open
[2016.09.26-19.56.00:125][297]BlueprintLog: New page: Compile TopDownCharacter
[2016.09.26-19.56.00:149][297]LogActorComponent: UnregisterComponent: (/Engine/Transient.CharMoveComp) Not registered. Aborting.
[2016.09.26-19.56.00:225][297]BlueprintEditorCompileResults: Info [2626.20] Compile of TopDownCharacter successful! [in 100 ms]
[2016.09.26-19.56.08:978][749]LogSlate:Warning: Prevented a slow task dialog from being summoned while a context menu was open
[2016.09.26-19.56.20:221][290]BlueprintLog: New page: Compile TopDownCharacter
[2016.09.26-19.56.20:314][290]BlueprintEditorCompileResults: Info [2646.29] Compile of TopDownCharacter successful! [in 92 ms]
[2016.09.26-19.56.26:236][582]LogSlate:Warning: Prevented a slow task dialog from being summoned while a context menu was open
[2016.09.26-19.56.36:211][262]BlueprintLog: New page: Compile TopDownCharacter
[2016.09.26-19.56.36:302][262]BlueprintEditorCompileResults: Info [2662.28] Compile of TopDownCharacter successful! [in 90 ms]
[2016.09.26-19.56.54:613][244]BlueprintLog: New page: Compile TopDownCharacter
[2016.09.26-19.56.54:705][244]BlueprintEditorCompileResults: Info [2680.68] Compile of TopDownCharacter successful! [in 92 ms]
[2016.09.26-19.57.18:351][377]LogBlueprintUserMessages: Early PlayInEditor Detection: Level '/Game/TopDownBP/Maps/TopDownExampleMap.TopDownExampleMap:PersistentLevel' has LevelScriptBlueprint '/Game/TopDownBP/Maps/TopDownExampleMap.TopDownExampleMap:PersistentLevel.TopDownExampleMap' with GeneratedClass '/Game/TopDownBP/Maps/TopDownExampleMap.TopDownExampleMap_C' with ClassGeneratedBy '/Game/TopDownBP/Maps/TopDownExampleMap.TopDownExampleMap:PersistentLevel.TopDownExampleMap'
[2016.09.26-19.57.18:351][377]LogPlayLevel: PlayLevel: No blueprints needed recompiling
[2016.09.26-19.57.18:484][377]PIE: New page: PIE session: TopDownExampleMap (Sep 26, 2016, 4:57:18 AM)
[2016.09.26-19.57.18:484][377]LogPlayLevel: Creating play world package: /Game/TopDownBP/Maps/UEDPIE_0_TopDownExampleMap
[2016.09.26-19.57.18:831][377]LogPlayLevel: PIE: StaticDuplicateObject took: (0.346699s)
[2016.09.26-19.57.18:831][377]LogAIModule: Creating AISystem for world TopDownExampleMap
[2016.09.26-19.57.18:831][377]LogPlayLevel: PIE: World Init took: (0.000684s)
[2016.09.26-19.57.18:848][377]LogPlayLevel: PIE: Created PIE world by copying editor world from /Game/TopDownBP/Maps/TopDownExampleMap.TopDownExampleMap to /Game/TopDownBP/Maps/UEDPIE_0_TopDownExampleMap.TopDownExampleMap (0.364496s)
[2016.09.26-19.57.18:884][377]LogInit: XAudio2 using 'Speakers (Realtek High Definition Audio)' : 2 channels at 48 kHz using 32 bits per sample (channel mask 0x3)
[2016.09.26-19.57.18:894][377]LogInit: FAudioDevice initialized.
[2016.09.26-19.57.19:159][377]LogWorld: Game class is 'TopDownGameMode_C'
[2016.09.26-19.57.19:305][377]LogWorld: Bringing World /Game/TopDownBP/Maps/UEDPIE_0_TopDownExampleMap.TopDownExampleMap up for play (max tick rate 0) at 2016.09.26-12.57.19
[2016.09.26-19.57.19:345][377]LogWorld: Bringing up level for play took: 0.044097
[2016.09.26-19.57.19:530][377]LogContentBrowser: Native class hierarchy updated for 'MovieSceneCapture' in 0.0005 seconds. Added 9 classes and 0 folders.
[2016.09.26-19.57.19:605][377]PIE: Info Play in editor start time for /Game/TopDownBP/Maps/UEDPIE_0_TopDownExampleMap 2.026
[2016.09.26-19.57.19:605][377]LogBlueprintUserMessages: Late PlayInEditor Detection: Level '/Game/TopDownBP/Maps/TopDownExampleMap.TopDownExampleMap:PersistentLevel' has LevelScriptBlueprint '/Game/TopDownBP/Maps/TopDownExampleMap.TopDownExampleMap:PersistentLevel.TopDownExampleMap' with GeneratedClass '/Game/TopDownBP/Maps/TopDownExampleMap.TopDownExampleMap_C' with ClassGeneratedBy '/Game/TopDownBP/Maps/TopDownExampleMap.TopDownExampleMap:PersistentLevel.TopDownExampleMap'
[2016.09.26-19.58.08:317][152]LogBlueprintUserMessages: Early EndPlayMap Detection: Level '/Game/TopDownBP/Maps/TopDownExampleMap.TopDownExampleMap:PersistentLevel' has LevelScriptBlueprint '/Game/TopDownBP/Maps/TopDownExampleMap.TopDownExampleMap:PersistentLevel.TopDownExampleMap' with GeneratedClass '/Game/TopDownBP/Maps/TopDownExampleMap.TopDownExampleMap_C' with ClassGeneratedBy '/Game/TopDownBP/Maps/TopDownExampleMap.TopDownExampleMap:PersistentLevel.TopDownExampleMap'
[2016.09.26-19.58.08:489][152]LogBlueprintUserMessages: Late EndPlayMap Detection: Level '/Game/TopDownBP/Maps/TopDownExampleMap.TopDownExampleMap:PersistentLevel' has LevelScriptBlueprint '/Game/TopDownBP/Maps/TopDownExampleMap.TopDownExampleMap:PersistentLevel.TopDownExampleMap' with GeneratedClass '/Game/TopDownBP/Maps/TopDownExampleMap.TopDownExampleMap_C' with ClassGeneratedBy '/Game/TopDownBP/Maps/TopDownExampleMap.TopDownExampleMap:PersistentLevel.TopDownExampleMap'
[2016.09.26-19.58.13:847][380]LogSavePackage: Save=260.26ms
[2016.09.26-19.58.13:847][380]LogSavePackage: Moving '../../../../../../Users/Demonic/Documents/Unreal Projects/MonsterGame/Saved/TopDownExampleMap65EC5A044CD81C4D63836A92BC29EB05.tmp' to '../../../../../../Users/Demonic/Documents/Unreal Projects/MonsterGame/Content/TopDownBP/Maps/TopDownExampleMap.umap'
[2016.09.26-19.58.13:850][380]LogSavePackage: Total save time: 264.84ms
[2016.09.26-19.58.13:850][380]LogSavePackage:Display: Finished SavePackage ../../../../../../Users/Demonic/Documents/Unreal Projects/MonsterGame/Content/TopDownBP/Maps/TopDownExampleMap.umap
[2016.09.26-19.58.13:867][380]LogFileHelpers: Saving map 'TopDownExampleMap' took 0.398
[2016.09.26-19.58.13:966][380]LogSavePackage: Save=65.15ms
[2016.09.26-19.58.13:966][380]LogSavePackage: Moving '../../../../../../Users/Demonic/Documents/Unreal Projects/MonsterGame/Saved/TopDownCharacter458151CE476F1CC62FEBCBB82B4C3BDB.tmp' to '../../../../../../Users/Demonic/Documents/Unreal Projects/MonsterGame/Content/MonsterGame/Player/TopDownCharacter.uasset'
[2016.09.26-19.58.13:967][380]LogSavePackage: Total save time: 68.91ms
[2016.09.26-19.58.13:967][380]LogSavePackage:Display: Finished SavePackage ../../../../../../Users/Demonic/Documents/Unreal Projects/MonsterGame/Content/MonsterGame/Player/TopDownCharacter.uasset
[2016.09.26-19.58.14:070][380]LogSavePackage: Save=94.89ms
[2016.09.26-19.58.14:070][380]LogSavePackage: Moving '../../../../../../Users/Demonic/Documents/Unreal Projects/MonsterGame/Saved/Basic_Monster8235DAF04C431181BC410997749887DD.tmp' to '../../../../../../Users/Demonic/Documents/Unreal Projects/MonsterGame/Content/MonsterGame/PlayerMonsters/Basic_Monster.uasset'
[2016.09.26-19.58.14:072][380]LogSavePackage: Total save time: 98.42ms
[2016.09.26-19.58.14:072][380]LogSavePackage:Display: Finished SavePackage ../../../../../../Users/Demonic/Documents/Unreal Projects/MonsterGame/Content/MonsterGame/PlayerMonsters/Basic_Monster.uasset
[2016.09.26-19.58.38:255][284]BlueprintLog: New page: Compile TopDownCharacter
[2016.09.26-19.58.38:271][284]LogActorComponent: UnregisterComponent: (/Engine/Transient.CharMoveComp) Not registered. Aborting.
[2016.09.26-19.58.38:345][284]BlueprintEditorCompileResults: Info [2784.32] Compile of TopDownCharacter successful! [in 90 ms]
[2016.09.26-19.59.16:146][732]BlueprintLog: New page: Compile Basic_Monster
[2016.09.26-19.59.16:554][732]BlueprintEditorCompileResults: Info [2822.53] Compile of Basic_Monster successful! [in 408 ms]
[2016.09.26-19.59.20:309][878]LogSavePackage: Save=265.19ms
[2016.09.26-19.59.20:309][878]LogSavePackage: Moving '../../../../../../Users/Demonic/Documents/Unreal Projects/MonsterGame/Saved/TopDownExampleMapD450CABD4C7B42CEB67925A058DA0C5E.tmp' to '../../../../../../Users/Demonic/Documents/Unreal Projects/MonsterGame/Content/TopDownBP/Maps/TopDownExampleMap.umap'
[2016.09.26-19.59.20:311][878]LogSavePackage: Total save time: 270.02ms
[2016.09.26-19.59.20:311][878]LogSavePackage:Display: Finished SavePackage ../../../../../../Users/Demonic/Documents/Unreal Projects/MonsterGame/Content/TopDownBP/Maps/TopDownExampleMap.umap
[2016.09.26-19.59.20:329][878]LogFileHelpers: Saving map 'TopDownExampleMap' took 0.345
[2016.09.26-19.59.20:411][878]LogSavePackage: Save=48.50ms
[2016.09.26-19.59.20:411][878]LogSavePackage: Moving '../../../../../../Users/Demonic/Documents/Unreal Projects/MonsterGame/Saved/TopDownCharacter0A36026A4ABA09517F3430BF5B8C105C.tmp' to '../../../../../../Users/Demonic/Documents/Unreal Projects/MonsterGame/Content/MonsterGame/Player/TopDownCharacter.uasset'
[2016.09.26-19.59.20:413][878]LogSavePackage: Total save time: 51.84ms
[2016.09.26-19.59.20:413][878]LogSavePackage:Display: Finished SavePackage ../../../../../../Users/Demonic/Documents/Unreal Projects/MonsterGame/Content/MonsterGame/Player/TopDownCharacter.uasset
[2016.09.26-19.59.20:514][878]LogSavePackage: Save=93.60ms
[2016.09.26-19.59.20:514][878]LogSavePackage: Moving '../../../../../../Users/Demonic/Documents/Unreal Projects/MonsterGame/Saved/Basic_Monster682F799F4B384B958DE8ADB8D5F971BF.tmp' to '../../../../../../Users/Demonic/Documents/Unreal Projects/MonsterGame/Content/MonsterGame/PlayerMonsters/Basic_Monster.uasset'
[2016.09.26-19.59.20:515][878]LogSavePackage: Total save time: 97.07ms
[2016.09.26-19.59.20:515][878]LogSavePackage:Display: Finished SavePackage ../../../../../../Users/Demonic/Documents/Unreal Projects/MonsterGame/Content/MonsterGame/PlayerMonsters/Basic_Monster.uasset
[2016.09.26-20.36.14:034][428]LogActorComponent: UnregisterComponent: (/Engine/Transient.EditorFloorComp) Not registered. Aborting.
[2016.09.26-20.36.15:430][492]LogActorComponent: UnregisterComponent: (/Engine/Transient.CharMoveComp) Not registered. Aborting.
[2016.09.26-20.36.15:941][493]Cmd: QUIT_EDITOR
[2016.09.26-20.36.17:621][493]LogExit: Preparing to exit.
[2016.09.26-20.36.19:691][493]LogExit: Editor shut down
[2016.09.26-20.36.19:692][493]LogExit: Transaction tracking system shut down
[2016.09.26-20.36.22:863][493]LogObj: Freed 0b from 0 cluster array pools.
[2016.09.26-20.36.22:864][493]LogExit: Object subsystem successfully closed.
[2016.09.26-20.36.23:361][493]LogD3D11RHI: Shutdown
[2016.09.26-20.36.23:361][493]LogD3D11RHI: CleanupD3DDevice
[2016.09.26-20.36.23:684][493]LogD3D11RHI: ~FD3D11DynamicRHI
[2016.09.26-20.36.23:731][493]LogDerivedDataCache: Shutdown
[2016.09.26-20.36.25:006][493]LogModuleManager: Shutting down and abandoning module MovieSceneCapture (206)
[2016.09.26-20.36.25:027][493]LogModuleManager: Shutting down and abandoning module BlueprintGraph (205)
[2016.09.26-20.36.25:027][493]LogModuleManager: Shutting down and abandoning module HierarchicalLODOutliner (204)
[2016.09.26-20.36.25:037][493]LogModuleManager: Shutting down and abandoning module CrashTracker (203)
[2016.09.26-20.36.25:037][493]LogModuleManager: Shutting down and abandoning module SceneOutliner (202)
[2016.09.26-20.36.25:046][493]LogModuleManager: Shutting down and abandoning module SuperSearch (201)
[2016.09.26-20.36.25:047][493]LogModuleManager: Shutting down and abandoning module WidgetCarousel (200)
[2016.09.26-20.36.25:047][493]LogModuleManager: Shutting down and abandoning module AddContentDialog (199)
[2016.09.26-20.36.25:060][493]LogModuleManager: Shutting down and abandoning module GameplayTags (198)
[2016.09.26-20.36.25:060][493]LogModuleManager: Shutting down and abandoning module EditorWidgets (197)
[2016.09.26-20.36.25:060][493]LogModuleManager: Shutting down and abandoning module CollectionManager (196)
[2016.09.26-20.36.25:121][493]LogModuleManager: Shutting down and abandoning module StatsViewer (195)
[2016.09.26-20.36.25:135][493]LogModuleManager: Shutting down and abandoning module FoliageEdit (194)
[2016.09.26-20.36.25:135][493]LogModuleManager: Shutting down and abandoning module LandscapeEditor (193)
[2016.09.26-20.36.25:219][493]LogModuleManager: Shutting down and abandoning module ActorPickerMode (192)
[2016.09.26-20.36.25:219][493]LogModuleManager: Shutting down and abandoning module GeometryMode (191)
[2016.09.26-20.36.25:219][493]LogModuleManager: Shutting down and abandoning module TextureAlignMode (190)
[2016.09.26-20.36.25:219][493]LogModuleManager: Shutting down and abandoning module BspMode (189)
[2016.09.26-20.36.25:219][493]LogModuleManager: Shutting down and abandoning module PlacementMode (188)
[2016.09.26-20.36.25:219][493]LogModuleManager: Shutting down and abandoning module AutomationWorker (187)
[2016.09.26-20.36.25:229][493]LogModuleManager: Shutting down and abandoning module CharacterAI (186)
[2016.09.26-20.36.25:229][493]LogModuleManager: Shutting down and abandoning module SmartSnapping (185)
[2016.09.26-20.36.25:242][493]LogModuleManager: Shutting down and abandoning module ViewportSnapping (184)
[2016.09.26-20.36.25:281][493]LogModuleManager: Shutting down and abandoning module LogVisualizer (183)
[2016.09.26-20.36.25:340][493]LogModuleManager: Shutting down and abandoning module GameProjectGeneration (182)
[2016.09.26-20.36.25:382][493]LogModuleManager: Shutting down and abandoning module IntroTutorials (181)
[2016.09.26-20.36.25:471][493]LogModuleManager: Shutting down and abandoning module EditorLiveStreaming (180)
[2016.09.26-20.36.25:471][493]LogModuleManager: Shutting down and abandoning module IOSPlatformEditor (179)
[2016.09.26-20.36.25:522][493]LogModuleManager: Shutting down and abandoning module HTML5PlatformEditor (178)
[2016.09.26-20.36.25:522][493]LogModuleManager: Shutting down and abandoning module AndroidDeviceDetection (177)
[2016.09.26-20.36.25:871][493]LogModuleManager: Shutting down and abandoning module AndroidPlatformEditor (176)
[2016.09.26-20.36.25:871][493]LogModuleManager: Shutting down and abandoning module IOSRuntimeSettings (175)
[2016.09.26-20.36.25:871][493]LogModuleManager: Shutting down and abandoning module AndroidRuntimeSettings (174)
[2016.09.26-20.36.25:871][493]LogModuleManager: Shutting down and abandoning module MergeActors (173)
[2016.09.26-20.36.25:883][493]LogModuleManager: Shutting down and abandoning module SizeMap (172)
[2016.09.26-20.36.25:896][493]LogModuleManager: Shutting down and abandoning module TreeMap (171)
[2016.09.26-20.36.25:907][493]LogModuleManager: Shutting down and abandoning module ReferenceViewer (170)
[2016.09.26-20.36.25:909][493]LogModuleManager: Shutting down and abandoning module LocalizationService (169)
[2016.09.26-20.36.25:918][493]LogModuleManager: Shutting down and abandoning module LocalizationDashboard (168)
[2016.09.26-20.36.25:930][493]LogModuleManager: Shutting down and abandoning module HardwareTargeting (167)
[2016.09.26-20.36.25:930][493]LogModuleManager: Shutting down and abandoning module DeviceProfileEditor (166)
[2016.09.26-20.36.25:941][493]LogModuleManager: Shutting down and abandoning module UndoHistory (165)
[2016.09.26-20.36.25:950][493]LogModuleManager: Shutting down and abandoning module UserFeedback (164)
[2016.09.26-20.36.25:950][493]LogModuleManager: Shutting down and abandoning module XmlParser (163)
[2016.09.26-20.36.25:958][493]LogModuleManager: Shutting down and abandoning module Blutility (162)
[2016.09.26-20.36.25:958][493]LogModuleManager: Shutting down and abandoning module ProjectTargetPlatformEditor (161)
[2016.09.26-20.36.25:970][493]LogModuleManager: Shutting down and abandoning module ProjectSettingsViewer (160)
[2016.09.26-20.36.26:007][493]LogModuleManager: Shutting down and abandoning module InputBindingEditor (159)
[2016.09.26-20.36.26:047][493]LogModuleManager: Shutting down and abandoning module EditorSettingsViewer (158)
[2016.09.26-20.36.26:061][493]LogModuleManager: Shutting down and abandoning module SettingsEditor (157)
[2016.09.26-20.36.26:104][493]LogModuleManager: Shutting down and abandoning module ProjectLauncher (156)
[2016.09.26-20.36.26:135][493]LogModuleManager: Shutting down and abandoning module SessionFrontend (155)
[2016.09.26-20.36.26:142][493]LogModuleManager: Shutting down and abandoning module ProfilerClient (154)
[2016.09.26-20.36.26:154][493]LogModuleManager: Shutting down and abandoning module TargetDeviceServices (153)
[2016.09.26-20.36.26:164][493]LogModuleManager: Shutting down and abandoning module DeviceManager (152)
[2016.09.26-20.36.26:267][493]LogModuleManager: Shutting down and abandoning module AutomationController (151)
[2016.09.26-20.36.26:278][493]LogModuleManager: Shutting down and abandoning module AutomationWindow (150)
[2016.09.26-20.36.26:285][493]LogModuleManager: Shutting down and abandoning module Layers (149)
[2016.09.26-20.36.26:318][493]LogModuleManager: Shutting down and abandoning module ComponentVisualizers (148)
[2016.09.26-20.36.26:318][493]LogModuleManager: Shutting down and abandoning module DetailCustomizations (147)
[2016.09.26-20.36.26:327][493]LogModuleManager: Shutting down and abandoning module PackagesDialog (146)
[2016.09.26-20.36.26:327][493]LogModuleManager: Shutting down and abandoning module Persona (145)
[2016.09.26-20.36.26:427][493]LogModuleManager: Shutting down and abandoning module Kismet (144)
[2016.09.26-20.36.26:439][493]LogModuleManager: Shutting down and abandoning module GraphEditor (143)
[2016.09.26-20.36.26:439][493]LogModuleManager: Shutting down and abandoning module ClassViewer (142)
[2016.09.26-20.36.26:440][493]LogModuleManager: Shutting down and abandoning module Toolbox (141)
[2016.09.26-20.36.26:473][493]LogModuleManager: Shutting down and abandoning module ModuleUI (140)
[2016.09.26-20.36.26:495][493]LogModuleManager: Shutting down and abandoning module MovieSceneTools (139)
[2016.09.26-20.36.26:507][493]LogModuleManager: Shutting down and abandoning module OutputLog (138)
[2016.09.26-20.36.26:516][493]LogModuleManager: Shutting down and abandoning module GammaUI (137)
[2016.09.26-20.36.26:539][493]LogModuleManager: Shutting down and abandoning module Documentation (136)
[2016.09.26-20.36.26:539][493]LogModuleManager: Shutting down and abandoning module StreamingPauseRendering (135)
[2016.09.26-20.36.26:539][493]LogModuleManager: Shutting down and abandoning module AnalyticsET (134)
[2016.09.26-20.36.26:539][493]LogModuleManager: Shutting down and abandoning module Analytics (133)
[2016.09.26-20.36.26:539][493]LogModuleManager: Shutting down and abandoning module PortalServices (132)
[2016.09.26-20.36.26:539][493]LogModuleManager: Shutting down and abandoning module PortalRpc (131)
[2016.09.26-20.36.26:539][493]LogModuleManager: Shutting down and abandoning module MessagingRpc (130)
[2016.09.26-20.36.26:539][493]LogModuleManager: Shutting down and abandoning module AITestSuite (129)
[2016.09.26-20.36.26:546][493]LogModuleManager: Shutting down and abandoning module GameplayDebugger (128)
[2016.09.26-20.36.26:556][493]LogModuleManager: Shutting down and abandoning module AIModule (127)
[2016.09.26-20.36.26:556][493]LogModuleManager: Shutting down and abandoning module ProfilerService (126)
[2016.09.26-20.36.26:731][493]LogModuleManager: Shutting down and abandoning module TaskGraph (125)
[2016.09.26-20.36.26:753][493]LogModuleManager: Shutting down and abandoning module SlateRemote (124)
[2016.09.26-20.36.26:753][493]LogModuleManager: Shutting down and abandoning module SteamVRController (123)
[2016.09.26-20.36.26:753][493]LogModuleManager: Shutting down and abandoning module SteamVR (122)
[2016.09.26-20.36.26:753][493]LogModuleManager: Shutting down and abandoning module ProceduralMeshComponent (121)
[2016.09.26-20.36.26:753][493]LogModuleManager: Shutting down and abandoning module OculusLibrary (120)
[2016.09.26-20.36.26:753][493]LogModuleManager: Shutting down and abandoning module OculusInput (119)
[2016.09.26-20.36.26:753][493]LogModuleManager: Shutting down and abandoning module CustomMeshComponent (118)
[2016.09.26-20.36.26:753][493]LogModuleManager: Shutting down and abandoning module CableComponent (117)
[2016.09.26-20.36.26:753][493]LogModuleManager: Shutting down and abandoning module ArchVisCharacter (116)
[2016.09.26-20.36.26:753][493]LogModuleManager: Shutting down and abandoning module MediaPlayerEditor (115)
[2016.09.26-20.36.26:822][493]LogModuleManager: Shutting down and abandoning module HTML5Networking (114)
[2016.09.26-20.36.26:822][493]LogModuleManager: Shutting down and abandoning module SpeedTreeImporter (113)
[2016.09.26-20.36.26:822][493]LogModuleManager: Shutting down and abandoning module PluginBrowser (112)
[2016.09.26-20.36.26:842][493]LogModuleManager: Shutting down and abandoning module EpicSurvey (111)
[2016.09.26-20.36.26:847][493]LogModuleManager: Shutting down and abandoning module DesktopPlatform (110)
[2016.09.26-20.36.26:857][493]LogModuleManager: Shutting down and abandoning module VisualStudioSourceCodeAccess (109)
[2016.09.26-20.36.26:864][493]LogModuleManager: Shutting down and abandoning module UObjectPlugin (108)
[2016.09.26-20.36.26:864][493]LogModuleManager: Shutting down and abandoning module SubversionSourceControl (107)
[2016.09.26-20.36.26:890][493]LogModuleManager: Shutting down and abandoning module PerforceSourceControl (106)
[2016.09.26-20.36.26:895][493]LogModuleManager: Shutting down and abandoning module SourceControl (105)
[2016.09.26-20.36.26:901][493]LogModuleManager: Shutting down and abandoning module GitSourceControl (104)
[2016.09.26-20.36.26:937][493]LogModuleManager: Shutting down and abandoning module LightPropagationVolumeEditor (103)
[2016.09.26-20.36.26:937][493]LogModuleManager: Shutting down and abandoning module PaperTiledImporter (102)
[2016.09.26-20.36.26:951][493]LogModuleManager: Shutting down and abandoning module PaperSpriteSheetImporter (101)
[2016.09.26-20.36.26:951][493]LogModuleManager: Shutting down and abandoning module MeshPaint (100)
[2016.09.26-20.36.26:963][493]LogModuleManager: Shutting down and abandoning module HotReload (99)
[2016.09.26-20.36.27:166][493]LogModuleManager: Shutting down and abandoning module MainFrame (98)
[2016.09.26-20.36.27:166][493]LogModuleManager: Shutting down and abandoning module LevelEditor (97)
[2016.09.26-20.36.27:174][493]LogModuleManager: Shutting down and abandoning module DirectoryWatcher (96)
[2016.09.26-20.36.27:175][493]LogModuleManager: Shutting down and abandoning module AssetRegistry (95)
[2016.09.26-20.36.27:318][493]LogModuleManager: Shutting down and abandoning module ContentBrowser (94)
[2016.09.26-20.36.27:319][493]LogModuleManager: Shutting down and abandoning module Paper2DEditor (93)
[2016.09.26-20.36.27:434][493]LogModuleManager: Shutting down and abandoning module UdpMessaging (92)
[2016.09.26-20.36.27:534][493]LogModuleManager: Shutting down and abandoning module LightPropagationVolumeRuntime (91)
[2016.09.26-20.36.27:534][493]LogModuleManager: Shutting down and abandoning module Paper2D (90)
[2016.09.26-20.36.27:534][493]LogModuleManager: Shutting down and abandoning module WindowsMoviePlayer (89)
[2016.09.26-20.36.27:623][493]LogModuleManager: Shutting down and abandoning module Media (88)
[2016.09.26-20.36.27:623][493]LogModuleManager: Shutting down and abandoning module WmfMedia (87)
[2016.09.26-20.36.27:782][493]LogModuleManager: Shutting down and abandoning module MediaAssets (86)
[2016.09.26-20.36.27:782][493]LogModuleManager: Shutting down and abandoning module GameLiveStreaming (85)
[2016.09.26-20.36.27:782][493]LogModuleManager: Shutting down and abandoning module GameplayTagsEditor (84)
[2016.09.26-20.36.27:782][493]LogModuleManager: Shutting down and abandoning module OnlineBlueprintSupport (83)
[2016.09.26-20.36.27:782][493]LogModuleManager: Shutting down and abandoning module GameplayTasksEditor (82)
[2016.09.26-20.36.27:782][493]LogModuleManager: Shutting down and abandoning module PropertyEditor (81)
[2016.09.26-20.36.27:794][493]LogModuleManager: Shutting down and abandoning module BehaviorTreeEditor (80)
[2016.09.26-20.36.27:915][493]LogModuleManager: Shutting down and abandoning module FunctionalTesting (79)
[2016.09.26-20.36.27:915][493]LogModuleManager: Shutting down and abandoning module CollisionAnalyzer (78)
[2016.09.26-20.36.27:951][493]LogModuleManager: Shutting down and abandoning module WorkspaceMenuStructure (77)
[2016.09.26-20.36.28:042][493]LogModuleManager: Shutting down and abandoning module MessageLog (76)
[2016.09.26-20.36.28:042][493]LogModuleManager: Shutting down and abandoning module Sequencer (75)
[2016.09.26-20.36.28:108][493]LogModuleManager: Shutting down and abandoning module AssetTools (74)
[2016.09.26-20.36.28:133][493]LogModuleManager: Shutting down and abandoning module UMGEditor (73)
[2016.09.26-20.36.28:235][493]LogModuleManager: Shutting down and abandoning module UMG (72)
[2016.09.26-20.36.28:279][493]LogModuleManager: Shutting down and abandoning module SlateReflector (71)
[2016.09.26-20.36.28:393][493]LogModuleManager: Shutting down and abandoning module Slate (70)
[2016.09.26-20.36.28:393][493]LogModuleManager: Shutting down and abandoning module EditorStyle (69)
[2016.09.26-20.36.28:396][493]LogModuleManager: Shutting down and abandoning module SessionServices (68)
[2016.09.26-20.36.28:396][493]LogModuleManager: Shutting down and abandoning module SourceCodeAccess (67)
[2016.09.26-20.36.28:396][493]LogModuleManager: Shutting down and abandoning module HeadMountedDisplay (66)
[2016.09.26-20.36.28:396][493]LogModuleManager: Shutting down and abandoning module XAudio2 (65)
[2016.09.26-20.36.28:396][493]LogModuleManager: Shutting down and abandoning module Networking (63)
[2016.09.26-20.36.28:396][493]LogModuleManager: Shutting down and abandoning module Core (62)
[2016.09.26-20.36.28:396][493]LogModuleManager: Shutting down and abandoning module KismetCompiler (61)
[2016.09.26-20.36.28:396][493]LogModuleManager: Shutting down and abandoning module PhysXFormats (60)
[2016.09.26-20.36.28:439][493]LogModuleManager: Shutting down and abandoning module MeshUtilities (59)
[2016.09.26-20.36.28:477][493]LogModuleManager: Shutting down and abandoning module CookingStats (58)
[2016.09.26-20.36.28:488][493]LogModuleManager: Shutting down and abandoning module DerivedDataCache (57)
[2016.09.26-20.36.28:488][493]LogDerivedDataCache: Shutdown
[2016.09.26-20.36.28:488][493]LogModuleManager: Shutting down and abandoning module ShaderFormatOpenGL (56)
[2016.09.26-20.36.28:541][493]LogModuleManager: Shutting down and abandoning module ShaderFormatD3D (55)
[2016.09.26-20.36.28:561][493]LogModuleManager: Shutting down and abandoning module MetalShaderFormat (54)
[2016.09.26-20.36.28:572][493]LogModuleManager: Shutting down and abandoning module TextureFormatUncompressed (53)
[2016.09.26-20.36.28:582][493]LogModuleManager: Shutting down and abandoning module TextureFormatPVR (52)
[2016.09.26-20.36.28:583][493]LogModuleManager: Shutting down and abandoning module TextureFormatIntelISPCTexComp (51)
[2016.09.26-20.36.28:659][493]LogModuleManager: Shutting down and abandoning module TextureFormatDXT (50)
[2016.09.26-20.36.28:659][493]LogModuleManager: Shutting down and abandoning module ImageWrapper (49)
[2016.09.26-20.36.28:659][493]LogModuleManager: Shutting down and abandoning module TextureFormatASTC (48)
[2016.09.26-20.36.28:660][493]LogModuleManager: Shutting down and abandoning module TextureFormatAndroid (47)
[2016.09.26-20.36.28:678][493]LogModuleManager: Shutting down and abandoning module AudioFormatOpus (46)
[2016.09.26-20.36.28:678][493]LogModuleManager: Shutting down and abandoning module AudioFormatOgg (45)
[2016.09.26-20.36.28:678][493]LogModuleManager: Shutting down and abandoning module AudioFormatADPCM (44)
[2016.09.26-20.36.28:686][493]LogModuleManager: Shutting down and abandoning module LinuxTargetPlatform (43)
[2016.09.26-20.36.28:693][493]LogModuleManager: Shutting down and abandoning module LinuxServerTargetPlatform (42)
[2016.09.26-20.36.28:704][493]LogModuleManager: Shutting down and abandoning module LinuxNoEditorTargetPlatform (41)
[2016.09.26-20.36.28:714][493]LogModuleManager: Shutting down and abandoning module TVOSTargetPlatform (40)
[2016.09.26-20.36.28:714][493]LogModuleManager: Shutting down and abandoning module Messaging (39)
[2016.09.26-20.36.28:714][493]LogModuleManager: Shutting down and abandoning module IOSTargetPlatform (38)
[2016.09.26-20.36.28:719][493]LogModuleManager: Shutting down and abandoning module HTML5TargetPlatform (37)
[2016.09.26-20.36.28:724][493]LogModuleManager: Shutting down and abandoning module Android_PVRTCTargetPlatform (36)
[2016.09.26-20.36.28:724][493]LogModuleManager: Shutting down and abandoning module Android_MultiTargetPlatform (35)
[2016.09.26-20.36.28:727][493]LogModuleManager: Shutting down and abandoning module Android_ETC2TargetPlatform (34)
[2016.09.26-20.36.28:737][493]LogModuleManager: Shutting down and abandoning module Android_ETC1TargetPlatform (33)
[2016.09.26-20.36.28:741][493]LogModuleManager: Shutting down and abandoning module Android_DXTTargetPlatform (32)
[2016.09.26-20.36.28:751][493]LogModuleManager: Shutting down and abandoning module Android_ATCTargetPlatform (31)
[2016.09.26-20.36.28:792][493]LogModuleManager: Shutting down and abandoning module Android_ASTCTargetPlatform (30)
[2016.09.26-20.36.28:797][493]LogModuleManager: Shutting down and abandoning module AndroidTargetPlatform (29)
[2016.09.26-20.36.28:804][493]LogModuleManager: Shutting down and abandoning module WindowsTargetPlatform (28)
[2016.09.26-20.36.28:804][493]LogModuleManager: Shutting down and abandoning module WindowsServerTargetPlatform (27)
[2016.09.26-20.36.28:810][493]LogModuleManager: Shutting down and abandoning module WindowsNoEditorTargetPlatform (26)
[2016.09.26-20.36.28:819][493]LogModuleManager: Shutting down and abandoning module WindowsClientTargetPlatform (25)
[2016.09.26-20.36.28:830][493]LogModuleManager: Shutting down and abandoning module AllDesktopTargetPlatform (24)
[2016.09.26-20.36.28:838][493]LogModuleManager: Shutting down and abandoning module TargetPlatform (23)
[2016.09.26-20.36.28:848][493]LogModuleManager: Shutting down and abandoning module InputCore (22)
[2016.09.26-20.36.28:848][493]LogModuleManager: Shutting down and abandoning module Settings (21)
[2016.09.26-20.36.28:848][493]LogModuleManager: Shutting down and abandoning module OnlineSubsystem (19)
[2016.09.26-20.36.28:848][493]LogModuleManager: Shutting down and abandoning module HTTP (18)
[2016.09.26-20.36.30:848][493]LogModuleManager: Shutting down and abandoning module XMPP (17)
[2016.09.26-20.36.30:883][493]LogModuleManager: Shutting down and abandoning module OculusRift (16)
[2016.09.26-20.36.30:897][493]LogModuleManager: Shutting down and abandoning module ExampleDeviceProfileSelector (15)
[2016.09.26-20.36.30:897][493]LogModuleManager: Shutting down and abandoning module TextureCompressor (14)
[2016.09.26-20.36.30:919][493]LogModuleManager: Shutting down and abandoning module ShaderCore (13)
[2016.09.26-20.36.30:919][493]LogModuleManager: Shutting down and abandoning module Landscape (12)
[2016.09.26-20.36.30:919][493]LogModuleManager: Shutting down and abandoning module SlateRHIRenderer (11)
[2016.09.26-20.36.30:926][493]LogModuleManager: Shutting down and abandoning module OpenGLDrv (10)
[2016.09.26-20.36.30:962][493]LogModuleManager: Shutting down and abandoning module D3D11RHI (9)
[2016.09.26-20.36.30:962][493]LogModuleManager: Shutting down and abandoning module AnimGraphRuntime (8)
[2016.09.26-20.36.30:962][493]LogModuleManager: Shutting down and abandoning module Renderer (7)
[2016.09.26-20.36.30:962][493]LogModuleManager: Shutting down and abandoning module Engine (6)
[2016.09.26-20.36.30:962][493]LogModuleManager: Shutting down and abandoning module CoreUObject (5)
[2016.09.26-20.36.30:962][493]LogModuleManager: Shutting down and abandoning module NetworkFile (4)
[2016.09.26-20.36.30:985][493]LogModuleManager: Shutting down and abandoning module StreamingFile (3)
[2016.09.26-20.36.31:003][493]LogModuleManager: Shutting down and abandoning module SandboxFile (2)
[2016.09.26-20.36.31:006][493]LogModuleManager: Shutting down and abandoning module PakFile (1)
[2016.09.26-20.36.31:036][493]LogExit: Exiting.
[2016.09.26-20.36.31:062][493]Log file closed, 09/26/16 13:36:31
